{
  "RSpec": {
    "coverage": {
      "/Users/bertmcguirk/sites/epicprose/config/environment.rb": [
        null,
        1,
        null,
        null,
        1
      ],
      "/Users/bertmcguirk/sites/epicprose/config/application.rb": [
        1,
        null,
        null,
        1,
        1,
        1,
        1,
        null,
        null,
        null,
        null,
        1,
        null,
        1,
        1,
        null,
        null,
        null,
        null,
        null,
        null,
        null,
        null,
        null,
        null,
        null,
        null,
        null
      ],
      "/Users/bertmcguirk/sites/epicprose/config/boot.rb": [
        null,
        1,
        null,
        1
      ],
      "/Users/bertmcguirk/sites/epicprose/config/environments/test.rb": [
        1,
        null,
        null,
        null,
        null,
        null,
        null,
        1,
        null,
        null,
        null,
        null,
        1,
        null,
        null,
        1,
        1,
        null,
        null,
        1,
        1,
        null,
        null,
        1,
        null,
        null,
        1,
        null,
        null,
        null,
        null,
        1,
        null,
        null,
        1,
        null
      ],
      "/Users/bertmcguirk/sites/epicprose/config/initializers/backtrace_silencers.rb": [
        null,
        null,
        null,
        null,
        null,
        null,
        null
      ],
      "/Users/bertmcguirk/sites/epicprose/config/initializers/devise.rb": [
        null,
        null,
        1,
        null,
        null,
        null,
        null,
        null,
        null,
        null,
        null,
        null,
        1,
        null,
        null,
        null,
        null,
        null,
        null,
        null,
        null,
        1,
        null,
        null,
        null,
        null,
        null,
        null,
        null,
        null,
        null,
        null,
        null,
        null,
        null,
        null,
        null,
        null,
        null,
        null,
        null,
        null,
        null,
        1,
        null,
        null,
        null,
        null,
        1,
        null,
        null,
        null,
        null,
        null,
        null,
        null,
        null,
        null,
        null,
        null,
        null,
        null,
        null,
        null,
        null,
        null,
        null,
        null,
        null,
        null,
        null,
        null,
        null,
        null,
        null,
        null,
        null,
        null,
        null,
        1,
        null,
        null,
        null,
        null,
        null,
        null,
        null,
        null,
        null,
        null,
        null,
        null,
        null,
        null,
        1,
        null,
        null,
        null,
        null,
        null,
        null,
        null,
        null,
        null,
        null,
        null,
        null,
        null,
        null,
        null,
        null,
        null,
        null,
        null,
        null,
        null,
        null,
        null,
        null,
        1,
        null,
        null,
        null,
        null,
        null,
        null,
        null,
        null,
        null,
        null,
        null,
        null,
        null,
        null,
        null,
        null,
        null,
        1,
        null,
        null,
        null,
        null,
        null,
        null,
        null,
        null,
        null,
        null,
        null,
        null,
        null,
        null,
        null,
        null,
        null,
        null,
        null,
        null,
        null,
        null,
        null,
        null,
        null,
        null,
        null,
        null,
        null,
        null,
        null,
        null,
        null,
        null,
        null,
        null,
        null,
        null,
        null,
        null,
        null,
        null,
        null,
        null,
        null,
        null,
        null,
        null,
        1,
        null,
        null,
        null,
        null,
        null,
        null,
        null,
        null,
        null,
        null,
        null,
        null,
        null,
        null,
        null,
        null,
        null,
        null,
        null,
        null,
        null,
        null,
        null,
        null,
        null,
        null,
        null,
        null,
        null,
        null,
        null,
        null,
        null,
        null,
        null,
        null,
        null,
        1,
        null,
        null,
        null,
        null,
        null,
        null,
        null,
        null,
        null,
        null,
        null,
        null,
        null,
        null,
        null,
        null,
        null,
        null,
        null,
        null,
        null,
        null,
        null,
        null,
        null,
        null,
        null,
        null,
        null
      ],
      "/Users/bertmcguirk/sites/epicprose/config/initializers/filter_parameter_logging.rb": [
        null,
        null,
        null,
        1
      ],
      "/Users/bertmcguirk/sites/epicprose/config/initializers/inflections.rb": [
        null,
        null,
        null,
        null,
        null,
        null,
        null,
        null,
        null,
        null,
        null,
        null,
        null,
        null,
        null,
        null
      ],
      "/Users/bertmcguirk/sites/epicprose/config/initializers/mime_types.rb": [
        null,
        null,
        null,
        null,
        null
      ],
      "/Users/bertmcguirk/sites/epicprose/config/initializers/rails_footnotes.rb": [
        1,
        0,
        null,
        null,
        null
      ],
      "/Users/bertmcguirk/sites/epicprose/config/initializers/resque_mailer.rb": [
        1,
        1,
        1,
        null
      ],
      "/Users/bertmcguirk/sites/epicprose/config/initializers/secret_token.rb": [
        null,
        null,
        null,
        null,
        null,
        null,
        null,
        null,
        null,
        null,
        null,
        1
      ],
      "/Users/bertmcguirk/sites/epicprose/config/initializers/session_store.rb": [
        null,
        null,
        1
      ],
      "/Users/bertmcguirk/sites/epicprose/config/initializers/wrap_parameters.rb": [
        null,
        null,
        null,
        null,
        null,
        null,
        1,
        1,
        null,
        null,
        null,
        null,
        null,
        null
      ],
      "/Users/bertmcguirk/sites/epicprose/spec/factories/categories.rb": [
        null,
        null
      ],
      "/Users/bertmcguirk/sites/epicprose/spec/factories/chapters.rb": [
        null,
        null,
        1,
        1,
        1,
        null,
        null
      ],
      "/Users/bertmcguirk/sites/epicprose/spec/factories/images.rb": [
        null,
        null,
        1,
        1,
        1,
        1,
        null,
        null
      ],
      "/Users/bertmcguirk/sites/epicprose/spec/factories/stories.rb": [
        1,
        1,
        1,
        1,
        1,
        null,
        null,
        1,
        1,
        null,
        null
      ],
      "/Users/bertmcguirk/sites/epicprose/spec/factories/users.rb": [
        1,
        1,
        23,
        null,
        null,
        1,
        1,
        1,
        1,
        null,
        null
      ],
      "/Users/bertmcguirk/sites/epicprose/spec/factories/writing_prompts.rb": [
        null,
        null,
        1,
        1,
        null,
        null
      ],
      "/Users/bertmcguirk/sites/epicprose/config/routes.rb": [
        1,
        null,
        1,
        1,
        null,
        1,
        1,
        null,
        null,
        null,
        null,
        null,
        null,
        null,
        null,
        null,
        null,
        null,
        null,
        null,
        null,
        null,
        null,
        null,
        null,
        null,
        null,
        null,
        null,
        null,
        null,
        null,
        null,
        null,
        null,
        null,
        null,
        null,
        null,
        null,
        null,
        null,
        null,
        null,
        null,
        null,
        null,
        null,
        null,
        null,
        null,
        null,
        null,
        null,
        null,
        null,
        null,
        null,
        null,
        null,
        null,
        null,
        null,
        null
      ],
      "/Users/bertmcguirk/sites/epicprose/app/models/user.rb": [
        1,
        null,
        null,
        1,
        null,
        1,
        1,
        1,
        null,
        1,
        7,
        7,
        0,
        0,
        null,
        null,
        7,
        null,
        null,
        1,
        21,
        6,
        null,
        15,
        null,
        21,
        null,
        null
      ],
      "/Users/bertmcguirk/sites/epicprose/app/helpers/application_helper.rb": [
        1,
        null
      ],
      "/Users/bertmcguirk/sites/epicprose/app/helpers/chapters_helper.rb": [
        1,
        null
      ],
      "/Users/bertmcguirk/sites/epicprose/app/helpers/stories_helper.rb": [
        1,
        1,
        31,
        null,
        null,
        1,
        1,
        null,
        null,
        1,
        43,
        43,
        43,
        null,
        null,
        null
      ],
      "/Users/bertmcguirk/sites/epicprose/spec/support/request_helpers.rb": [
        1,
        1,
        1,
        null,
        null,
        null,
        null,
        null,
        null,
        1,
        1,
        1,
        6,
        6,
        6,
        null,
        1,
        6,
        null,
        1,
        0,
        null,
        null,
        null
      ],
      "/Users/bertmcguirk/sites/epicprose/spec/support/test_helpers/invalid_string.rb": [

      ],
      "/Users/bertmcguirk/sites/epicprose/spec/support/test_helpers/valid_string.rb": [
        1,
        null,
        1,
        1,
        null,
        null,
        1,
        3,
        null,
        null,
        1,
        25,
        null,
        null,
        1,
        29,
        null,
        null,
        null,
        null,
        null,
        null,
        null,
        null,
        null,
        null,
        null,
        null,
        null,
        null,
        null,
        29,
        29,
        null,
        null,
        null
      ],
      "/Users/bertmcguirk/sites/epicprose/app/controllers/chapters_controller.rb": [
        1,
        1,
        1,
        null,
        1,
        null,
        null,
        1,
        null,
        null,
        1,
        13,
        null,
        null,
        1,
        13,
        13,
        null,
        13,
        13,
        13,
        null,
        13,
        13,
        null,
        13,
        26,
        null,
        13,
        null,
        null,
        0,
        0,
        null,
        null,
        null,
        null,
        1,
        0,
        0,
        0,
        0,
        null,
        null,
        null,
        1,
        1,
        13,
        null,
        null,
        1,
        0,
        null,
        null,
        1,
        0,
        null,
        null,
        1,
        13,
        null,
        13,
        null,
        null
      ],
      "/Users/bertmcguirk/sites/epicprose/app/controllers/application_controller.rb": [
        1,
        null,
        null,
        1,
        1,
        null
      ],
      "/Users/bertmcguirk/sites/epicprose/spec/features/chapter_creation_spec.rb": [
        1,
        null,
        1,
        null,
        1,
        1,
        1,
        1,
        null,
        1,
        1,
        null,
        1,
        1,
        1,
        null,
        1,
        1,
        null,
        1,
        1,
        null,
        null,
        1,
        null,
        1,
        1,
        1,
        1,
        1,
        1,
        null,
        1,
        1,
        null,
        1,
        7,
        1,
        null,
        null,
        1,
        1,
        1,
        1,
        1,
        1,
        null,
        1,
        1,
        null,
        1,
        7,
        1,
        null,
        null,
        null,
        null,
        null,
        1,
        null,
        2,
        2,
        2,
        2,
        2,
        2,
        2,
        null,
        null,
        2,
        2,
        2,
        2,
        2,
        2,
        null
      ],
      "/Users/bertmcguirk/sites/epicprose/spec/features/story_management_spec.rb": [
        1,
        null,
        1,
        null,
        7,
        null,
        1,
        1,
        null,
        null,
        1,
        1,
        1,
        null,
        null,
        1,
        1,
        1,
        null,
        null,
        1,
        1,
        1,
        null,
        1,
        1,
        null,
        1,
        null,
        null,
        1,
        1,
        1,
        null,
        1,
        1,
        1,
        null,
        null,
        1,
        1,
        1,
        null,
        1,
        1,
        null,
        1,
        1,
        1,
        1,
        null,
        null,
        null
      ],
      "/Users/bertmcguirk/sites/epicprose/spec/helpers/story_helper_spec.rb": [
        1,
        null,
        1,
        1,
        2,
        2,
        2,
        2,
        null,
        2,
        2,
        2,
        null,
        2,
        2,
        2,
        null,
        2,
        2,
        2,
        null,
        null,
        1,
        1,
        1,
        null,
        null,
        1,
        1,
        1,
        null,
        null
      ],
      "/Users/bertmcguirk/sites/epicprose/spec/helpers/test_helpers_spec.rb": [
        1,
        null,
        1,
        1,
        1,
        null,
        null,
        1,
        1,
        null,
        null,
        1,
        1,
        null,
        null,
        1,
        1,
        null,
        null
      ],
      "/Users/bertmcguirk/sites/epicprose/spec/mailers/chapter_mailer_spec.rb": [
        1,
        null,
        1,
        1,
        4,
        4,
        4,
        4,
        null,
        4,
        4,
        4,
        null,
        4,
        4,
        4,
        null,
        4,
        4,
        4,
        null,
        4,
        null,
        null,
        1,
        4,
        null,
        null,
        1,
        1,
        null,
        null,
        1,
        1,
        null,
        null,
        1,
        1,
        1,
        null,
        1,
        1,
        null,
        null,
        null
      ],
      "/Users/bertmcguirk/sites/epicprose/app/mailers/chapter_mailer.rb": [
        1,
        1,
        1,
        17,
        17,
        17,
        null,
        17,
        null,
        null
      ],
      "/Users/bertmcguirk/sites/epicprose/spec/models/category_spec.rb": [
        1,
        null,
        1,
        1,
        1,
        null,
        null,
        1,
        1,
        null,
        null,
        1,
        2,
        null,
        null,
        1,
        1,
        1,
        1,
        null,
        null,
        null
      ],
      "/Users/bertmcguirk/sites/epicprose/app/models/category.rb": [
        1,
        1,
        1,
        null,
        1,
        18,
        null,
        null
      ],
      "/Users/bertmcguirk/sites/epicprose/spec/models/chapter_spec.rb": [
        1,
        null,
        1,
        1,
        4,
        null,
        null,
        1,
        1,
        null,
        null,
        1,
        1,
        1,
        1,
        null,
        null,
        null,
        1,
        1,
        1,
        1,
        null,
        null,
        1,
        1,
        1,
        1,
        null,
        null,
        null
      ],
      "/Users/bertmcguirk/sites/epicprose/app/models/chapter.rb": [
        1,
        1,
        1,
        null,
        1,
        null,
        null,
        null,
        1,
        null,
        null
      ],
      "/Users/bertmcguirk/sites/epicprose/spec/models/image_spec.rb": [
        1,
        null,
        1,
        1,
        1,
        1,
        1,
        null,
        null,
        null,
        1,
        1,
        1,
        1,
        null,
        null,
        null,
        1,
        1,
        1,
        1,
        null,
        null
      ],
      "/Users/bertmcguirk/sites/epicprose/app/models/image.rb": [
        1,
        1,
        1,
        null,
        null,
        null,
        1,
        18,
        null,
        null,
        null
      ],
      "/Users/bertmcguirk/sites/epicprose/spec/models/story_spec.rb": [
        1,
        null,
        1,
        1,
        1,
        1,
        1,
        null,
        null,
        1,
        1,
        7,
        1,
        1,
        null,
        null,
        1,
        1,
        7,
        1,
        1,
        null,
        null,
        1,
        1,
        1,
        1,
        1,
        null,
        null,
        null,
        1,
        1,
        1,
        1,
        null,
        null,
        null,
        1,
        1,
        1,
        1,
        null,
        null,
        null,
        null,
        1,
        1,
        1,
        7,
        1,
        null,
        1,
        1,
        1,
        null,
        null,
        1,
        1,
        7,
        1,
        null,
        1,
        1,
        null,
        1,
        null,
        null,
        1,
        1,
        1,
        1,
        null,
        null,
        null,
        1,
        1,
        1,
        1,
        null,
        null,
        null,
        1,
        1,
        1,
        1,
        null,
        null,
        null,
        null
      ],
      "/Users/bertmcguirk/sites/epicprose/app/models/story.rb": [
        1,
        1,
        1,
        1,
        1,
        null,
        1,
        1,
        null,
        null,
        null,
        null,
        null,
        null,
        null,
        null,
        1,
        1,
        null,
        1,
        null,
        1,
        18,
        18,
        null,
        null,
        1,
        67,
        null,
        null,
        1,
        31,
        6,
        null,
        null,
        null,
        null
      ],
      "/Users/bertmcguirk/sites/epicprose/spec/models/writing_prompt_spec.rb": [
        1,
        null,
        1,
        1,
        1,
        null,
        null,
        1,
        1,
        null,
        null,
        1,
        2,
        null,
        null,
        1,
        1,
        1,
        1,
        null,
        null,
        null
      ],
      "/Users/bertmcguirk/sites/epicprose/app/models/writing_prompt.rb": [
        1,
        1,
        null
      ],
      "/Users/bertmcguirk/sites/epicprose/spec/routing/stories_routing_spec.rb": [
        1,
        1,
        1,
        null,
        1,
        1,
        null,
        null,
        1,
        1,
        null,
        null,
        1,
        1,
        null,
        null,
        1,
        1,
        null,
        null,
        1,
        1,
        null,
        null,
        1,
        1,
        null,
        null,
        1,
        1,
        null,
        null,
        null
      ],
      "/Users/bertmcguirk/sites/epicprose/app/controllers/stories_controller.rb": [
        1,
        1,
        null,
        1,
        21,
        null,
        null,
        1,
        null,
        null,
        1,
        7,
        7,
        null,
        null,
        1,
        6,
        6,
        null,
        5,
        5,
        null,
        5,
        5,
        5,
        5,
        5,
        null,
        10,
        5,
        null,
        0,
        0,
        null,
        null,
        null,
        null,
        1,
        1,
        1,
        2,
        1,
        null,
        null,
        null,
        1,
        null,
        1,
        31,
        null,
        null,
        1,
        6,
        6,
        6,
        null,
        null,
        1,
        5,
        null,
        null,
        1,
        5,
        5,
        null,
        5,
        5,
        null,
        null,
        null
      ],
      "/Users/bertmcguirk/sites/epicprose/app/models/story_role.rb": [
        1,
        1,
        1,
        null,
        1,
        10,
        10,
        null,
        null
      ]
    },
    "timestamp": 1397942734
  }
}
